app/build/intermediates/manifest_merge_blame_file/release/manifest-merger-blame-release-report.txt
1<?xml version="1.0" encoding="utf-8"?>
2<manifest xmlns:android="http://schemas.android.com/apk/res/android"
3    package="org.example.dbgitracking"
4    android:versionCode="1"
5    android:versionName="1.0" >
6
7    <uses-sdk
8        android:minSdkVersion="29"
9        android:targetSdkVersion="33" />
10
11    <uses-feature
11-->src\main\AndroidManifest.xml:6:5-8:36
12        android:name="android.hardware.camera"
12-->src\main\AndroidManifest.xml:7:9-47
13        android:required="false" />
13-->src\main\AndroidManifest.xml:8:9-33
14
15    <uses-permission android:name="android.permission.INTERNET" />
15-->src\main\AndroidManifest.xml:10:5-67
15-->src\main\AndroidManifest.xml:10:22-64
16    <uses-permission android:name="android.permission.CAMERA" />
16-->src\main\AndroidManifest.xml:11:5-65
16-->src\main\AndroidManifest.xml:11:22-62
17
18    <permission
18-->[androidx.core:core:1.9.0] AndroidManifest.xml:22:5-24:47
19        android:name="org.example.dbgitracking.DYNAMIC_RECEIVER_NOT_EXPORTED_PERMISSION"
19-->[androidx.core:core:1.9.0] AndroidManifest.xml:23:9-81
20        android:protectionLevel="signature" />
20-->[androidx.core:core:1.9.0] AndroidManifest.xml:24:9-44
21
22    <uses-permission android:name="org.example.dbgitracking.DYNAMIC_RECEIVER_NOT_EXPORTED_PERMISSION" />
22-->[androidx.core:core:1.9.0] AndroidManifest.xml:26:5-97
22-->[androidx.core:core:1.9.0] AndroidManifest.xml:26:22-94
23
24    <uses-feature
24-->[com.journeyapps:zxing-android-embedded:4.3.0] AndroidManifest.xml:28:5-30:36
25        android:name="android.hardware.camera.front"
25-->[com.journeyapps:zxing-android-embedded:4.3.0] AndroidManifest.xml:29:9-53
26        android:required="false" /> <!-- TODO replace above two with next line after Android 4.2 -->
26-->[com.journeyapps:zxing-android-embedded:4.3.0] AndroidManifest.xml:30:9-33
27    <!-- <uses-feature android:name="android.hardware.camera.any"/> -->
28    <uses-feature
28-->[com.journeyapps:zxing-android-embedded:4.3.0] AndroidManifest.xml:33:5-35:36
29        android:name="android.hardware.camera.autofocus"
29-->[com.journeyapps:zxing-android-embedded:4.3.0] AndroidManifest.xml:34:9-57
30        android:required="false" />
30-->[com.journeyapps:zxing-android-embedded:4.3.0] AndroidManifest.xml:35:9-33
31    <uses-feature
31-->[com.journeyapps:zxing-android-embedded:4.3.0] AndroidManifest.xml:36:5-38:36
32        android:name="android.hardware.camera.flash"
32-->[com.journeyapps:zxing-android-embedded:4.3.0] AndroidManifest.xml:37:9-53
33        android:required="false" />
33-->[com.journeyapps:zxing-android-embedded:4.3.0] AndroidManifest.xml:38:9-33
34    <uses-feature
34-->[com.journeyapps:zxing-android-embedded:4.3.0] AndroidManifest.xml:39:5-41:36
35        android:name="android.hardware.screen.landscape"
35-->[com.journeyapps:zxing-android-embedded:4.3.0] AndroidManifest.xml:40:9-57
36        android:required="false" />
36-->[com.journeyapps:zxing-android-embedded:4.3.0] AndroidManifest.xml:41:9-33
37    <uses-feature
37-->[com.journeyapps:zxing-android-embedded:4.3.0] AndroidManifest.xml:42:5-44:36
38        android:name="android.hardware.wifi"
38-->[com.journeyapps:zxing-android-embedded:4.3.0] AndroidManifest.xml:43:9-45
39        android:required="false" />
39-->[com.journeyapps:zxing-android-embedded:4.3.0] AndroidManifest.xml:44:9-33
40
41    <application
41-->src\main\AndroidManifest.xml:13:5-61:19
42        android:allowBackup="true"
42-->src\main\AndroidManifest.xml:14:9-35
43        android:appComponentFactory="androidx.core.app.CoreComponentFactory"
43-->[androidx.core:core:1.9.0] AndroidManifest.xml:28:18-86
44        android:dataExtractionRules="@xml/data_extraction_rules"
44-->src\main\AndroidManifest.xml:15:9-65
45        android:extractNativeLibs="false"
46        android:fullBackupContent="@xml/backup_rules"
46-->src\main\AndroidManifest.xml:16:9-54
47        android:icon="@mipmap/ic_launcher"
47-->src\main\AndroidManifest.xml:17:9-43
48        android:label="@string/app_name"
48-->src\main\AndroidManifest.xml:18:9-41
49        android:networkSecurityConfig="@xml/network_security_config"
49-->src\main\AndroidManifest.xml:19:9-69
50        android:roundIcon="@mipmap/ic_launcher_round"
50-->src\main\AndroidManifest.xml:20:9-54
51        android:supportsRtl="true"
51-->src\main\AndroidManifest.xml:21:9-35
52        android:theme="@style/Theme.DBGITracking" >
52-->src\main\AndroidManifest.xml:22:9-50
53        <activity
53-->src\main\AndroidManifest.xml:24:9-26:40
54            android:name="org.example.dbgitracking.AliquotsActivity"
54-->src\main\AndroidManifest.xml:25:13-45
55            android:exported="false" />
55-->src\main\AndroidManifest.xml:26:13-37
56        <activity
56-->src\main\AndroidManifest.xml:27:9-29:40
57            android:name="org.example.dbgitracking.SignalingActivity"
57-->src\main\AndroidManifest.xml:28:13-46
58            android:exported="false" />
58-->src\main\AndroidManifest.xml:29:13-37
59        <activity
59-->src\main\AndroidManifest.xml:30:9-33:49
60            android:name="com.journeyapps.barcodescanner.CaptureActivity"
60-->src\main\AndroidManifest.xml:31:13-74
61            android:clearTaskOnLaunch="true"
61-->[com.journeyapps:zxing-android-embedded:4.3.0] AndroidManifest.xml:49:13-45
62            android:screenOrientation="fullSensor"
62-->src\main\AndroidManifest.xml:32:13-51
63            android:stateNotNeeded="true"
63-->[com.journeyapps:zxing-android-embedded:4.3.0] AndroidManifest.xml:51:13-42
64            android:theme="@style/zxing_CaptureTheme"
64-->[com.journeyapps:zxing-android-embedded:4.3.0] AndroidManifest.xml:52:13-54
65            android:windowSoftInputMode="stateAlwaysHidden" />
65-->[com.journeyapps:zxing-android-embedded:4.3.0] AndroidManifest.xml:53:13-60
66        <activity
66-->src\main\AndroidManifest.xml:34:9-36:40
67            android:name="org.example.dbgitracking.SampleActivity"
67-->src\main\AndroidManifest.xml:35:13-43
68            android:exported="false" />
68-->src\main\AndroidManifest.xml:36:13-37
69        <activity
69-->src\main\AndroidManifest.xml:37:9-39:40
70            android:name="org.example.dbgitracking.WeightingActivity"
70-->src\main\AndroidManifest.xml:38:13-46
71            android:exported="false" />
71-->src\main\AndroidManifest.xml:39:13-37
72        <activity
72-->src\main\AndroidManifest.xml:40:9-42:40
73            android:name="org.example.dbgitracking.FindActivity"
73-->src\main\AndroidManifest.xml:41:13-41
74            android:exported="false" />
74-->src\main\AndroidManifest.xml:42:13-37
75        <activity
75-->src\main\AndroidManifest.xml:43:9-45:40
76            android:name="org.example.dbgitracking.InjectionActivity"
76-->src\main\AndroidManifest.xml:44:13-46
77            android:exported="false" />
77-->src\main\AndroidManifest.xml:45:13-37
78        <activity
78-->src\main\AndroidManifest.xml:46:9-48:40
79            android:name="org.example.dbgitracking.ExtractionActivity"
79-->src\main\AndroidManifest.xml:47:13-47
80            android:exported="false" />
80-->src\main\AndroidManifest.xml:48:13-37
81        <activity
81-->src\main\AndroidManifest.xml:49:9-51:40
82            android:name="org.example.dbgitracking.HomePageActivity"
82-->src\main\AndroidManifest.xml:50:13-45
83            android:exported="false" />
83-->src\main\AndroidManifest.xml:51:13-37
84        <activity
84-->src\main\AndroidManifest.xml:52:9-60:20
85            android:name="org.example.dbgitracking.MainActivity"
85-->src\main\AndroidManifest.xml:53:13-41
86            android:exported="true" >
86-->src\main\AndroidManifest.xml:54:13-36
87            <intent-filter>
87-->src\main\AndroidManifest.xml:55:13-59:29
88                <action android:name="android.intent.action.MAIN" />
88-->src\main\AndroidManifest.xml:56:17-69
88-->src\main\AndroidManifest.xml:56:25-66
89
90                <category android:name="android.intent.category.LAUNCHER" />
90-->src\main\AndroidManifest.xml:58:17-77
90-->src\main\AndroidManifest.xml:58:27-74
91            </intent-filter>
92        </activity>
93        <activity
93-->[com.google.android.gms:play-services-base:17.4.0] AndroidManifest.xml:23:9-26:75
94            android:name="com.google.android.gms.common.api.GoogleApiActivity"
94-->[com.google.android.gms:play-services-base:17.4.0] AndroidManifest.xml:24:13-79
95            android:exported="false"
95-->[com.google.android.gms:play-services-base:17.4.0] AndroidManifest.xml:25:13-37
96            android:theme="@android:style/Theme.Translucent.NoTitleBar" />
96-->[com.google.android.gms:play-services-base:17.4.0] AndroidManifest.xml:26:13-72
97
98        <meta-data
98-->[com.google.android.gms:play-services-basement:17.4.0] AndroidManifest.xml:23:9-25:69
99            android:name="com.google.android.gms.version"
99-->[com.google.android.gms:play-services-basement:17.4.0] AndroidManifest.xml:24:13-58
100            android:value="@integer/google_play_services_version" />
100-->[com.google.android.gms:play-services-basement:17.4.0] AndroidManifest.xml:25:13-66
101
102        <provider
102-->[androidx.emoji2:emoji2:1.2.0] AndroidManifest.xml:24:9-32:20
103            android:name="androidx.startup.InitializationProvider"
103-->[androidx.emoji2:emoji2:1.2.0] AndroidManifest.xml:25:13-67
104            android:authorities="org.example.dbgitracking.androidx-startup"
104-->[androidx.emoji2:emoji2:1.2.0] AndroidManifest.xml:26:13-68
105            android:exported="false" >
105-->[androidx.emoji2:emoji2:1.2.0] AndroidManifest.xml:27:13-37
106            <meta-data
106-->[androidx.emoji2:emoji2:1.2.0] AndroidManifest.xml:29:13-31:52
107                android:name="androidx.emoji2.text.EmojiCompatInitializer"
107-->[androidx.emoji2:emoji2:1.2.0] AndroidManifest.xml:30:17-75
108                android:value="androidx.startup" />
108-->[androidx.emoji2:emoji2:1.2.0] AndroidManifest.xml:31:17-49
109            <meta-data
109-->[androidx.lifecycle:lifecycle-process:2.4.1] AndroidManifest.xml:31:13-33:52
110                android:name="androidx.lifecycle.ProcessLifecycleInitializer"
110-->[androidx.lifecycle:lifecycle-process:2.4.1] AndroidManifest.xml:32:17-78
111                android:value="androidx.startup" />
111-->[androidx.lifecycle:lifecycle-process:2.4.1] AndroidManifest.xml:33:17-49
112        </provider>
113    </application>
114
115</manifest>